2025-08-21T08:06:20.988+03:00  INFO 13772 --- [backend] [restartedMain] com.joelle.backend.BackendApplication    : Starting BackendApplication using Java 21.0.8 with PID 13772 (C:\EarnEase\backend\target\classes started by joell in C:\EarnEase)
2025-08-21T08:06:20.991+03:00  INFO 13772 --- [backend] [restartedMain] com.joelle.backend.BackendApplication    : No active profile set, falling back to 1 default profile: "default"
2025-08-21T08:06:21.042+03:00  INFO 13772 --- [backend] [restartedMain] .e.DevToolsPropertyDefaultsPostProcessor : Devtools property defaults active! Set 'spring.devtools.add-properties' to 'false' to disable
2025-08-21T08:06:21.042+03:00  INFO 13772 --- [backend] [restartedMain] .e.DevToolsPropertyDefaultsPostProcessor : For additional web related logging consider setting the 'logging.level.web' property to 'DEBUG'
2025-08-21T08:06:21.839+03:00  INFO 13772 --- [backend] [restartedMain] .s.d.r.c.RepositoryConfigurationDelegate : Bootstrapping Spring Data JPA repositories in DEFAULT mode.
2025-08-21T08:06:21.997+03:00  INFO 13772 --- [backend] [restartedMain] .s.d.r.c.RepositoryConfigurationDelegate : Finished Spring Data repository scanning in 148 ms. Found 6 JPA repository interfaces.
2025-08-21T08:06:22.747+03:00  INFO 13772 --- [backend] [restartedMain] o.s.b.w.embedded.tomcat.TomcatWebServer  : Tomcat initialized with port 8080 (http)
2025-08-21T08:06:22.766+03:00  INFO 13772 --- [backend] [restartedMain] o.apache.catalina.core.StandardService   : Starting service [Tomcat]
2025-08-21T08:06:22.767+03:00  INFO 13772 --- [backend] [restartedMain] o.apache.catalina.core.StandardEngine    : Starting Servlet engine: [Apache Tomcat/10.1.42]
2025-08-21T08:06:22.814+03:00  INFO 13772 --- [backend] [restartedMain] o.a.c.c.C.[Tomcat].[localhost].[/]       : Initializing Spring embedded WebApplicationContext
2025-08-21T08:06:22.815+03:00  INFO 13772 --- [backend] [restartedMain] w.s.c.ServletWebServerApplicationContext : Root WebApplicationContext: initialization completed in 1771 ms
2025-08-21T08:06:22.936+03:00  INFO 13772 --- [backend] [restartedMain] com.zaxxer.hikari.HikariDataSource       : HikariPool-1 - Starting...
2025-08-21T08:06:23.138+03:00  INFO 13772 --- [backend] [restartedMain] com.zaxxer.hikari.pool.HikariPool        : HikariPool-1 - Added connection org.postgresql.jdbc.PgConnection@4fe804ad
2025-08-21T08:06:23.140+03:00  INFO 13772 --- [backend] [restartedMain] com.zaxxer.hikari.HikariDataSource       : HikariPool-1 - Start completed.
2025-08-21T08:06:23.194+03:00  INFO 13772 --- [backend] [restartedMain] o.hibernate.jpa.internal.util.LogHelper  : HHH000204: Processing PersistenceUnitInfo [name: default]
2025-08-21T08:06:23.242+03:00  INFO 13772 --- [backend] [restartedMain] org.hibernate.Version                    : HHH000412: Hibernate ORM core version 6.6.18.Final
2025-08-21T08:06:23.285+03:00  INFO 13772 --- [backend] [restartedMain] o.h.c.internal.RegionFactoryInitiator    : HHH000026: Second-level cache disabled
2025-08-21T08:06:23.582+03:00  INFO 13772 --- [backend] [restartedMain] o.s.o.j.p.SpringPersistenceUnitInfo      : No LoadTimeWeaver setup: ignoring JPA class transformer
2025-08-21T08:06:23.686+03:00  INFO 13772 --- [backend] [restartedMain] org.hibernate.orm.connections.pooling    : HHH10001005: Database info:
	Database JDBC URL [Connecting through datasource 'HikariDataSource (HikariPool-1)']
	Database driver: undefined/unknown
	Database version: 15.13
	Autocommit mode: undefined/unknown
	Isolation level: undefined/unknown
	Minimum pool size: undefined/unknown
	Maximum pool size: undefined/unknown
2025-08-21T08:06:24.589+03:00  INFO 13772 --- [backend] [restartedMain] o.h.e.t.j.p.i.JtaPlatformInitiator       : HHH000489: No JTA platform available (set 'hibernate.transaction.jta.platform' to enable JTA platform integration)
2025-08-21T08:06:24.592+03:00  INFO 13772 --- [backend] [restartedMain] j.LocalContainerEntityManagerFactoryBean : Initialized JPA EntityManagerFactory for persistence unit 'default'
2025-08-21T08:06:24.890+03:00 DEBUG 13772 --- [backend] [restartedMain] o.s.d.jpa.repository.query.NamedQuery    : Looking up named query 'Staff.existsByEmail'
2025-08-21T08:06:24.893+03:00 DEBUG 13772 --- [backend] [restartedMain] o.s.d.jpa.repository.query.NamedQuery    : Did not find named query Staff.existsByEmail
2025-08-21T08:06:24.985+03:00 DEBUG 13772 --- [backend] [restartedMain] o.s.d.jpa.repository.query.NamedQuery    : Looking up named query 'Staff.findByEmail'
2025-08-21T08:06:24.986+03:00 DEBUG 13772 --- [backend] [restartedMain] o.s.d.jpa.repository.query.NamedQuery    : Did not find named query Staff.findByEmail
2025-08-21T08:06:25.055+03:00 DEBUG 13772 --- [backend] [restartedMain] o.springframework.web.filter.CorsFilter  : Filter 'corsFilter' configured for use
2025-08-21T08:06:25.152+03:00  WARN 13772 --- [backend] [restartedMain] JpaBaseConfiguration$JpaWebConfiguration : spring.jpa.open-in-view is enabled by default. Therefore, database queries may be performed during view rendering. Explicitly configure spring.jpa.open-in-view to disable this warning
2025-08-21T08:06:25.222+03:00  INFO 13772 --- [backend] [restartedMain] eAuthenticationProviderManagerConfigurer : Global AuthenticationManager configured with AuthenticationProvider bean with name authenticationProvider
2025-08-21T08:06:25.223+03:00  WARN 13772 --- [backend] [restartedMain] r$InitializeUserDetailsManagerConfigurer : Global AuthenticationManager configured with an AuthenticationProvider bean. UserDetailsService beans will not be used by Spring Security for automatically configuring username/password login. Consider removing the AuthenticationProvider bean. Alternatively, consider using the UserDetailsService in a manually instantiated DaoAuthenticationProvider. If the current configuration is intentional, to turn off this warning, increase the logging level of 'org.springframework.security.config.annotation.authentication.configuration.InitializeUserDetailsBeanManagerConfigurer' to ERROR
2025-08-21T08:06:25.403+03:00 DEBUG 13772 --- [backend] [restartedMain] s.w.s.m.m.a.RequestMappingHandlerMapping : 2 mappings in 'requestMappingHandlerMapping'
2025-08-21T08:06:25.784+03:00  INFO 13772 --- [backend] [restartedMain] efaultSchemaResourceGraphQlSourceBuilder : Loaded 1 resource(s) in the GraphQL schema.
2025-08-21T08:06:26.003+03:00  INFO 13772 --- [backend] [restartedMain] o.s.b.a.g.GraphQlAutoConfiguration       : GraphQL schema inspection:
	Unmapped fields: {}
	Unmapped registrations: {}
	Unmapped arguments: {TransactionResolver#createTransaction[7 args]=[clientId, serviceId]}
	Skipped types: []
2025-08-21T08:06:26.033+03:00  INFO 13772 --- [backend] [restartedMain] s.b.a.g.s.GraphQlWebMvcAutoConfiguration : GraphQL endpoint HTTP POST /graphql
2025-08-21T08:06:26.041+03:00 DEBUG 13772 --- [backend] [restartedMain] o.s.w.s.f.support.RouterFunctionMapping  : 1 RouterFunction(s) in 'routerFunctionMapping'
2025-08-21T08:06:26.060+03:00 DEBUG 13772 --- [backend] [restartedMain] o.s.w.s.handler.SimpleUrlHandlerMapping  : Patterns [/webjars/**, /**] in 'resourceHandlerMapping'
2025-08-21T08:06:26.118+03:00 DEBUG 13772 --- [backend] [restartedMain] o.s.s.web.DefaultSecurityFilterChain     : Will secure any request with filters: DisableEncodeUrlFilter, WebAsyncManagerIntegrationFilter, SecurityContextHolderFilter, HeaderWriterFilter, LogoutFilter, JwtFilter, RequestCacheAwareFilter, SecurityContextHolderAwareRequestFilter, AnonymousAuthenticationFilter, ExceptionTranslationFilter, AuthorizationFilter
2025-08-21T08:06:26.203+03:00 DEBUG 13772 --- [backend] [restartedMain] s.w.s.m.m.a.RequestMappingHandlerAdapter : ControllerAdvice beans: 0 @ModelAttribute, 0 @InitBinder, 1 RequestBodyAdvice, 1 ResponseBodyAdvice
2025-08-21T08:06:26.264+03:00 DEBUG 13772 --- [backend] [restartedMain] .m.m.a.ExceptionHandlerExceptionResolver : ControllerAdvice beans: 0 @ExceptionHandler, 1 ResponseBodyAdvice
2025-08-21T08:06:26.366+03:00  INFO 13772 --- [backend] [restartedMain] o.s.b.d.a.OptionalLiveReloadServer       : LiveReload server is running on port 35729
2025-08-21T08:06:26.404+03:00  INFO 13772 --- [backend] [restartedMain] o.s.b.w.embedded.tomcat.TomcatWebServer  : Tomcat started on port 8080 (http) with context path '/'
2025-08-21T08:06:26.415+03:00  INFO 13772 --- [backend] [restartedMain] com.joelle.backend.BackendApplication    : Started BackendApplication in 5.931 seconds (process running for 6.348)
2025-08-21T08:13:41.899+03:00  INFO 13992 --- [backend] [restartedMain] com.joelle.backend.BackendApplication    : Starting BackendApplication using Java 21.0.8 with PID 13992 (C:\EarnEase\backend\target\classes started by joell in C:\EarnEase)
2025-08-21T08:13:41.901+03:00  INFO 13992 --- [backend] [restartedMain] com.joelle.backend.BackendApplication    : No active profile set, falling back to 1 default profile: "default"
2025-08-21T08:13:41.949+03:00  INFO 13992 --- [backend] [restartedMain] .e.DevToolsPropertyDefaultsPostProcessor : Devtools property defaults active! Set 'spring.devtools.add-properties' to 'false' to disable
2025-08-21T08:13:41.949+03:00  INFO 13992 --- [backend] [restartedMain] .e.DevToolsPropertyDefaultsPostProcessor : For additional web related logging consider setting the 'logging.level.web' property to 'DEBUG'
2025-08-21T08:13:42.792+03:00  INFO 13992 --- [backend] [restartedMain] .s.d.r.c.RepositoryConfigurationDelegate : Bootstrapping Spring Data JPA repositories in DEFAULT mode.
2025-08-21T08:13:42.998+03:00  INFO 13992 --- [backend] [restartedMain] .s.d.r.c.RepositoryConfigurationDelegate : Finished Spring Data repository scanning in 195 ms. Found 6 JPA repository interfaces.
2025-08-21T08:13:43.737+03:00  INFO 13992 --- [backend] [restartedMain] o.s.b.w.embedded.tomcat.TomcatWebServer  : Tomcat initialized with port 8080 (http)
2025-08-21T08:13:43.763+03:00  INFO 13992 --- [backend] [restartedMain] o.apache.catalina.core.StandardService   : Starting service [Tomcat]
2025-08-21T08:13:43.764+03:00  INFO 13992 --- [backend] [restartedMain] o.apache.catalina.core.StandardEngine    : Starting Servlet engine: [Apache Tomcat/10.1.42]
2025-08-21T08:13:43.808+03:00  INFO 13992 --- [backend] [restartedMain] o.a.c.c.C.[Tomcat].[localhost].[/]       : Initializing Spring embedded WebApplicationContext
2025-08-21T08:13:43.808+03:00  INFO 13992 --- [backend] [restartedMain] w.s.c.ServletWebServerApplicationContext : Root WebApplicationContext: initialization completed in 1858 ms
2025-08-21T08:13:43.884+03:00 ERROR 13992 --- [backend] [restartedMain] o.s.b.web.embedded.tomcat.TomcatStarter  : Error starting Tomcat context. Exception: org.springframework.beans.factory.UnsatisfiedDependencyException. Message: Error creating bean with name 'jwtFilter': Unsatisfied dependency expressed through field 'userDetailsService': Error creating bean with name 'customUserDetailsService': Unsatisfied dependency expressed through field 'staffRepository': Error creating bean with name 'staffRepository' defined in com.joelle.backend.staff.StaffRepository defined in @EnableJpaRepositories declared on JpaRepositoriesRegistrar.EnableJpaRepositoriesConfiguration: Cannot resolve reference to bean 'jpaSharedEM_entityManagerFactory' while setting bean property 'entityManager'
2025-08-21T08:13:43.909+03:00  INFO 13992 --- [backend] [restartedMain] o.apache.catalina.core.StandardService   : Stopping service [Tomcat]
2025-08-21T08:13:43.918+03:00  WARN 13992 --- [backend] [restartedMain] ConfigServletWebServerApplicationContext : Exception encountered during context initialization - cancelling refresh attempt: org.springframework.context.ApplicationContextException: Unable to start web server
2025-08-21T08:13:43.930+03:00  INFO 13992 --- [backend] [restartedMain] .s.b.a.l.ConditionEvaluationReportLogger : 

Error starting ApplicationContext. To display the condition evaluation report re-run your application with 'debug' enabled.
2025-08-21T08:13:43.956+03:00 ERROR 13992 --- [backend] [restartedMain] o.s.b.d.LoggingFailureAnalysisReporter   : 

***************************
APPLICATION FAILED TO START
***************************

Description:

Failed to bind properties under 'spring.sql.init.mode' to org.springframework.boot.sql.init.DatabaseInitializationMode:

    Property: spring.sql.init.mode
    Value: "update"
    Origin: class path resource [application.properties] - 8:22
    Reason: failed to convert java.lang.String to org.springframework.boot.sql.init.DatabaseInitializationMode (caused by java.lang.IllegalArgumentException: No enum constant org.springframework.boot.sql.init.DatabaseInitializationMode.update)

Action:

Update your application's configuration. The following values are valid:

    ALWAYS
    EMBEDDED
    NEVER

